<?xml version="1.0" encoding="UTF-8"?>
<coverage generated="1620317799151" clover="3.2.0">
  <project timestamp="1620317799151" name="All files">
    <metrics statements="59" coveredstatements="54" conditionals="20" coveredconditionals="17" methods="8" coveredmethods="6" elements="87" coveredelements="77" complexity="0" loc="59" ncloc="59" packages="1" files="2" classes="2"/>
    <file name="game.js" path="/Users/claudia/GitHub/balloons-game/game.js">
      <metrics statements="57" coveredstatements="52" conditionals="20" coveredconditionals="17" methods="8" coveredmethods="6"/>
      <line num="2" count="1" type="stmt"/>
      <line num="3" count="2" type="stmt"/>
      <line num="4" count="2" type="stmt"/>
      <line num="5" count="2" type="stmt"/>
      <line num="6" count="2" type="stmt"/>
      <line num="7" count="2" type="stmt"/>
      <line num="13" count="1" type="stmt"/>
      <line num="14" count="1" type="stmt"/>
      <line num="15" count="1" type="stmt"/>
      <line num="16" count="1" type="stmt"/>
      <line num="17" count="1" type="stmt"/>
      <line num="18" count="1" type="stmt"/>
      <line num="19" count="1" type="stmt"/>
      <line num="20" count="1" type="stmt"/>
      <line num="27" count="1" type="stmt"/>
      <line num="37" count="1" type="stmt"/>
      <line num="38" count="8" type="stmt"/>
      <line num="44" count="8" type="stmt"/>
      <line num="50" count="8" type="stmt"/>
      <line num="56" count="8" type="stmt"/>
      <line num="64" count="8" type="cond" truecount="2" falsecount="0"/>
      <line num="65" count="1" type="stmt"/>
      <line num="67" count="7" type="stmt"/>
      <line num="70" count="7" type="cond" truecount="1" falsecount="1"/>
      <line num="71" count="0" type="stmt"/>
      <line num="73" count="7" type="stmt"/>
      <line num="76" count="7" type="stmt"/>
      <line num="79" count="1" type="stmt"/>
      <line num="80" count="8" type="stmt"/>
      <line num="83" count="1" type="stmt"/>
      <line num="84" count="5" type="stmt"/>
      <line num="91" count="5" type="cond" truecount="2" falsecount="0"/>
      <line num="95" count="3" type="stmt"/>
      <line num="96" count="3" type="stmt"/>
      <line num="98" count="2" type="stmt"/>
      <line num="106" count="1" type="stmt"/>
      <line num="107" count="1" type="stmt"/>
      <line num="116" count="1" type="cond" truecount="3" falsecount="1"/>
      <line num="117" count="0" type="stmt"/>
      <line num="122" count="1" type="stmt"/>
      <line num="125" count="1" type="stmt"/>
      <line num="126" count="0" type="stmt"/>
      <line num="129" count="1" type="stmt"/>
      <line num="130" count="0" type="stmt"/>
      <line num="133" count="1" type="stmt"/>
      <line num="134" count="2" type="stmt"/>
      <line num="141" count="2" type="cond" truecount="3" falsecount="1"/>
      <line num="142" count="0" type="stmt"/>
      <line num="152" count="2" type="stmt"/>
      <line num="153" count="2" type="cond" truecount="2" falsecount="0"/>
      <line num="154" count="1" type="stmt"/>
      <line num="157" count="2" type="cond" truecount="2" falsecount="0"/>
      <line num="158" count="1" type="stmt"/>
      <line num="159" count="1" type="stmt"/>
      <line num="161" count="1" type="stmt"/>
      <line num="162" count="1" type="stmt"/>
      <line num="166" count="1" type="stmt"/>
    </file>
    <file name="statTracker.js" path="/Users/claudia/GitHub/balloons-game/statTracker.js">
      <metrics statements="2" coveredstatements="2" conditionals="0" coveredconditionals="0" methods="0" coveredmethods="0"/>
      <line num="6" count="1" type="stmt"/>
      <line num="13" count="1" type="stmt"/>
    </file>
  </project>
</coverage>
