{"/Users/claudia/GitHub/balloons-game/game.js": {"path":"/Users/claudia/GitHub/balloons-game/game.js","statementMap":{"0":{"start":{"line":2,"column":11},"end":{"line":8,"column":1}},"1":{"start":{"line":3,"column":2},"end":{"line":3,"column":22}},"2":{"start":{"line":4,"column":2},"end":{"line":4,"column":22}},"3":{"start":{"line":5,"column":2},"end":{"line":5,"column":19}},"4":{"start":{"line":6,"column":2},"end":{"line":6,"column":26}},"5":{"start":{"line":7,"column":2},"end":{"line":7,"column":29}},"6":{"start":{"line":13,"column":0},"end":{"line":13,"column":37}},"7":{"start":{"line":14,"column":0},"end":{"line":14,"column":47}},"8":{"start":{"line":15,"column":0},"end":{"line":15,"column":47}},"9":{"start":{"line":16,"column":0},"end":{"line":16,"column":47}},"10":{"start":{"line":17,"column":0},"end":{"line":17,"column":52}},"11":{"start":{"line":18,"column":0},"end":{"line":18,"column":41}},"12":{"start":{"line":19,"column":0},"end":{"line":19,"column":41}},"13":{"start":{"line":20,"column":0},"end":{"line":20,"column":47}},"14":{"start":{"line":27,"column":0},"end":{"line":35,"column":2}},"15":{"start":{"line":37,"column":0},"end":{"line":77,"column":2}},"16":{"start":{"line":38,"column":2},"end":{"line":43,"column":4}},"17":{"start":{"line":44,"column":2},"end":{"line":49,"column":4}},"18":{"start":{"line":50,"column":2},"end":{"line":55,"column":4}},"19":{"start":{"line":56,"column":2},"end":{"line":61,"column":4}},"20":{"start":{"line":64,"column":2},"end":{"line":68,"column":3}},"21":{"start":{"line":65,"column":4},"end":{"line":65,"column":17}},"22":{"start":{"line":67,"column":4},"end":{"line":67,"column":46}},"23":{"start":{"line":70,"column":2},"end":{"line":74,"column":3}},"24":{"start":{"line":71,"column":4},"end":{"line":71,"column":17}},"25":{"start":{"line":73,"column":4},"end":{"line":73,"column":44}},"26":{"start":{"line":76,"column":2},"end":{"line":76,"column":51}},"27":{"start":{"line":79,"column":0},"end":{"line":81,"column":2}},"28":{"start":{"line":80,"column":2},"end":{"line":80,"column":46}},"29":{"start":{"line":83,"column":0},"end":{"line":104,"column":2}},"30":{"start":{"line":84,"column":2},"end":{"line":89,"column":4}},"31":{"start":{"line":91,"column":2},"end":{"line":103,"column":3}},"32":{"start":{"line":95,"column":4},"end":{"line":95,"column":23}},"33":{"start":{"line":96,"column":4},"end":{"line":96,"column":47}},"34":{"start":{"line":98,"column":4},"end":{"line":102,"column":6}},"35":{"start":{"line":106,"column":0},"end":{"line":123,"column":2}},"36":{"start":{"line":107,"column":2},"end":{"line":112,"column":4}},"37":{"start":{"line":116,"column":2},"end":{"line":121,"column":3}},"38":{"start":{"line":117,"column":4},"end":{"line":120,"column":6}},"39":{"start":{"line":122,"column":2},"end":{"line":122,"column":23}},"40":{"start":{"line":125,"column":0},"end":{"line":127,"column":2}},"41":{"start":{"line":126,"column":2},"end":{"line":126,"column":26}},"42":{"start":{"line":129,"column":0},"end":{"line":131,"column":2}},"43":{"start":{"line":130,"column":2},"end":{"line":130,"column":37}},"44":{"start":{"line":133,"column":0},"end":{"line":164,"column":2}},"45":{"start":{"line":134,"column":2},"end":{"line":139,"column":4}},"46":{"start":{"line":141,"column":2},"end":{"line":146,"column":3}},"47":{"start":{"line":142,"column":4},"end":{"line":145,"column":6}},"48":{"start":{"line":152,"column":14},"end":{"line":152,"column":39}},"49":{"start":{"line":153,"column":2},"end":{"line":155,"column":3}},"50":{"start":{"line":154,"column":4},"end":{"line":154,"column":30}},"51":{"start":{"line":157,"column":2},"end":{"line":163,"column":3}},"52":{"start":{"line":158,"column":4},"end":{"line":158,"column":21}},"53":{"start":{"line":159,"column":4},"end":{"line":159,"column":15}},"54":{"start":{"line":161,"column":4},"end":{"line":161,"column":21}},"55":{"start":{"line":162,"column":4},"end":{"line":162,"column":15}},"56":{"start":{"line":166,"column":0},"end":{"line":166,"column":22}}},"fnMap":{"0":{"name":"(anonymous_0)","decl":{"start":{"line":2,"column":11},"end":{"line":2,"column":12}},"loc":{"start":{"line":2,"column":28},"end":{"line":8,"column":1}},"line":2},"1":{"name":"(anonymous_1)","decl":{"start":{"line":37,"column":35},"end":{"line":37,"column":36}},"loc":{"start":{"line":37,"column":54},"end":{"line":77,"column":1}},"line":37},"2":{"name":"(anonymous_2)","decl":{"start":{"line":79,"column":30},"end":{"line":79,"column":31}},"loc":{"start":{"line":79,"column":42},"end":{"line":81,"column":1}},"line":79},"3":{"name":"(anonymous_3)","decl":{"start":{"line":83,"column":27},"end":{"line":83,"column":28}},"loc":{"start":{"line":83,"column":39},"end":{"line":104,"column":1}},"line":83},"4":{"name":"(anonymous_4)","decl":{"start":{"line":106,"column":25},"end":{"line":106,"column":26}},"loc":{"start":{"line":106,"column":37},"end":{"line":123,"column":1}},"line":106},"5":{"name":"(anonymous_5)","decl":{"start":{"line":125,"column":25},"end":{"line":125,"column":26}},"loc":{"start":{"line":125,"column":36},"end":{"line":127,"column":1}},"line":125},"6":{"name":"(anonymous_6)","decl":{"start":{"line":129,"column":40},"end":{"line":129,"column":41}},"loc":{"start":{"line":129,"column":51},"end":{"line":131,"column":1}},"line":129},"7":{"name":"(anonymous_7)","decl":{"start":{"line":133,"column":27},"end":{"line":133,"column":28}},"loc":{"start":{"line":133,"column":39},"end":{"line":164,"column":1}},"line":133}},"branchMap":{"0":{"loc":{"start":{"line":64,"column":2},"end":{"line":68,"column":3}},"type":"if","locations":[{"start":{"line":64,"column":2},"end":{"line":68,"column":3}},{"start":{"line":64,"column":2},"end":{"line":68,"column":3}}],"line":64},"1":{"loc":{"start":{"line":70,"column":2},"end":{"line":74,"column":3}},"type":"if","locations":[{"start":{"line":70,"column":2},"end":{"line":74,"column":3}},{"start":{"line":70,"column":2},"end":{"line":74,"column":3}}],"line":70},"2":{"loc":{"start":{"line":91,"column":2},"end":{"line":103,"column":3}},"type":"if","locations":[{"start":{"line":91,"column":2},"end":{"line":103,"column":3}},{"start":{"line":91,"column":2},"end":{"line":103,"column":3}}],"line":91},"3":{"loc":{"start":{"line":92,"column":4},"end":{"line":93,"column":55}},"type":"binary-expr","locations":[{"start":{"line":92,"column":4},"end":{"line":92,"column":34}},{"start":{"line":93,"column":4},"end":{"line":93,"column":55}}],"line":92},"4":{"loc":{"start":{"line":116,"column":2},"end":{"line":121,"column":3}},"type":"if","locations":[{"start":{"line":116,"column":2},"end":{"line":121,"column":3}},{"start":{"line":116,"column":2},"end":{"line":121,"column":3}}],"line":116},"5":{"loc":{"start":{"line":116,"column":6},"end":{"line":116,"column":64}},"type":"binary-expr","locations":[{"start":{"line":116,"column":6},"end":{"line":116,"column":33}},{"start":{"line":116,"column":37},"end":{"line":116,"column":64}}],"line":116},"6":{"loc":{"start":{"line":141,"column":2},"end":{"line":146,"column":3}},"type":"if","locations":[{"start":{"line":141,"column":2},"end":{"line":146,"column":3}},{"start":{"line":141,"column":2},"end":{"line":146,"column":3}}],"line":141},"7":{"loc":{"start":{"line":141,"column":6},"end":{"line":141,"column":64}},"type":"binary-expr","locations":[{"start":{"line":141,"column":6},"end":{"line":141,"column":33}},{"start":{"line":141,"column":37},"end":{"line":141,"column":64}}],"line":141},"8":{"loc":{"start":{"line":153,"column":2},"end":{"line":155,"column":3}},"type":"if","locations":[{"start":{"line":153,"column":2},"end":{"line":155,"column":3}},{"start":{"line":153,"column":2},"end":{"line":155,"column":3}}],"line":153},"9":{"loc":{"start":{"line":157,"column":2},"end":{"line":163,"column":3}},"type":"if","locations":[{"start":{"line":157,"column":2},"end":{"line":163,"column":3}},{"start":{"line":157,"column":2},"end":{"line":163,"column":3}}],"line":157}},"s":{"0":1,"1":2,"2":2,"3":2,"4":2,"5":2,"6":1,"7":1,"8":1,"9":1,"10":1,"11":1,"12":1,"13":1,"14":1,"15":1,"16":8,"17":8,"18":8,"19":8,"20":8,"21":1,"22":7,"23":7,"24":0,"25":7,"26":7,"27":1,"28":8,"29":1,"30":5,"31":5,"32":3,"33":3,"34":2,"35":1,"36":1,"37":1,"38":0,"39":1,"40":1,"41":0,"42":1,"43":0,"44":1,"45":2,"46":2,"47":0,"48":2,"49":2,"50":1,"51":2,"52":1,"53":1,"54":1,"55":1,"56":1},"f":{"0":2,"1":8,"2":8,"3":5,"4":1,"5":0,"6":0,"7":2},"b":{"0":[1,7],"1":[0,7],"2":[3,2],"3":[5,5],"4":[0,1],"5":[1,1],"6":[0,2],"7":[2,1],"8":[1,1],"9":[1,1]},"_coverageSchema":"43e27e138ebf9cfc5966b082cf9a028302ed4184","hash":"9001bf6f27146f938f71b22a8d3b88ee420019a8"}
,"/Users/claudia/GitHub/balloons-game/statTracker.js": {"path":"/Users/claudia/GitHub/balloons-game/statTracker.js","statementMap":{"0":{"start":{"line":6,"column":17},"end":{"line":11,"column":1}},"1":{"start":{"line":13,"column":0},"end":{"line":13,"column":28}}},"fnMap":{},"branchMap":{},"s":{"0":1,"1":1},"f":{},"b":{},"_coverageSchema":"43e27e138ebf9cfc5966b082cf9a028302ed4184","hash":"370a727a8d63739d2b33ac46971a93dd6c2329c2"}
}
