TN:
SF:/Users/claudia/GitHub/balloons-game/game.js
FN:2,(anonymous_0)
FN:37,(anonymous_1)
FN:79,(anonymous_2)
FN:83,(anonymous_3)
FN:106,(anonymous_4)
FN:125,(anonymous_5)
FN:129,(anonymous_6)
FN:133,(anonymous_7)
FNF:8
FNH:6
FNDA:2,(anonymous_0)
FNDA:8,(anonymous_1)
FNDA:8,(anonymous_2)
FNDA:5,(anonymous_3)
FNDA:1,(anonymous_4)
FNDA:0,(anonymous_5)
FNDA:0,(anonymous_6)
FNDA:2,(anonymous_7)
DA:2,1
DA:3,2
DA:4,2
DA:5,2
DA:6,2
DA:7,2
DA:13,1
DA:14,1
DA:15,1
DA:16,1
DA:17,1
DA:18,1
DA:19,1
DA:20,1
DA:27,1
DA:37,1
DA:38,8
DA:44,8
DA:50,8
DA:56,8
DA:64,8
DA:65,1
DA:67,7
DA:70,7
DA:71,0
DA:73,7
DA:76,7
DA:79,1
DA:80,8
DA:83,1
DA:84,5
DA:91,5
DA:95,3
DA:96,3
DA:98,2
DA:106,1
DA:107,1
DA:116,1
DA:117,0
DA:122,1
DA:125,1
DA:126,0
DA:129,1
DA:130,0
DA:133,1
DA:134,2
DA:141,2
DA:142,0
DA:152,2
DA:153,2
DA:154,1
DA:157,2
DA:158,1
DA:159,1
DA:161,1
DA:162,1
DA:166,1
LF:57
LH:52
BRDA:64,0,0,1
BRDA:64,0,1,7
BRDA:70,1,0,0
BRDA:70,1,1,7
BRDA:91,2,0,3
BRDA:91,2,1,2
BRDA:92,3,0,5
BRDA:92,3,1,5
BRDA:116,4,0,0
BRDA:116,4,1,1
BRDA:116,5,0,1
BRDA:116,5,1,1
BRDA:141,6,0,0
BRDA:141,6,1,2
BRDA:141,7,0,2
BRDA:141,7,1,1
BRDA:153,8,0,1
BRDA:153,8,1,1
BRDA:157,9,0,1
BRDA:157,9,1,1
BRF:20
BRH:17
end_of_record
TN:
SF:/Users/claudia/GitHub/balloons-game/statTracker.js
FNF:0
FNH:0
DA:6,1
DA:13,1
LF:2
LH:2
BRF:0
BRH:0
end_of_record
